<?xml version="1.0" encoding="UTF-8"?>
<coverage generated="1549690260183" clover="3.2.0">
  <project timestamp="1549690260184" name="All files">
    <metrics statements="36" coveredstatements="31" conditionals="20" coveredconditionals="15" methods="11" coveredmethods="11" elements="67" coveredelements="57" complexity="0" loc="36" ncloc="36" packages="1" files="2" classes="2"/>
    <file name="arithmetic.js" path="C:\Users\Sarkis\codefellows\401n12\seattle-javascript-401n12-\lib\arithmetic.js">
      <metrics statements="32" coveredstatements="27" conditionals="18" coveredconditionals="13" methods="10" coveredmethods="10"/>
      <line num="3" count="1" type="stmt"/>
      <line num="6" count="1" type="stmt"/>
      <line num="8" count="8" type="cond" truecount="1" falsecount="1"/>
      <line num="9" count="0" type="stmt"/>
      <line num="10" count="0" type="stmt"/>
      <line num="12" count="8" type="stmt"/>
      <line num="13" count="28" type="cond" truecount="2" falsecount="0"/>
      <line num="14" count="8" type="stmt"/>
      <line num="15" count="8" type="stmt"/>
      <line num="17" count="28" type="cond" truecount="2" falsecount="0"/>
      <line num="18" count="20" type="stmt"/>
      <line num="21" count="8" type="stmt"/>
      <line num="26" count="1" type="stmt"/>
      <line num="27" count="2" type="cond" truecount="1" falsecount="1"/>
      <line num="28" count="2" type="stmt"/>
      <line num="29" count="5" type="stmt"/>
      <line num="32" count="0" type="cond" truecount="0" falsecount="2"/>
      <line num="33" count="0" type="stmt"/>
      <line num="39" count="1" type="stmt"/>
      <line num="40" count="2" type="cond" truecount="2" falsecount="0"/>
      <line num="41" count="1" type="stmt"/>
      <line num="42" count="2" type="stmt"/>
      <line num="49" count="1" type="stmt"/>
      <line num="50" count="2" type="cond" truecount="2" falsecount="0"/>
      <line num="51" count="1" type="stmt"/>
      <line num="52" count="2" type="stmt"/>
      <line num="59" count="1" type="stmt"/>
      <line num="60" count="2" type="cond" truecount="2" falsecount="0"/>
      <line num="61" count="1" type="stmt"/>
      <line num="62" count="2" type="cond" truecount="1" falsecount="1"/>
      <line num="63" count="0" type="stmt"/>
      <line num="66" count="2" type="stmt"/>
    </file>
    <file name="greet.js" path="C:\Users\Sarkis\codefellows\401n12\seattle-javascript-401n12-\lib\greet.js">
      <metrics statements="4" coveredstatements="4" conditionals="2" coveredconditionals="2" methods="1" coveredmethods="1"/>
      <line num="4" count="1" type="stmt"/>
      <line num="6" count="1" type="stmt"/>
      <line num="7" count="3" type="cond" truecount="2" falsecount="0"/>
      <line num="8" count="3" type="stmt"/>
    </file>
  </project>
</coverage>
