{"C:\\Users\\Sarkis\\codefellows\\401n12\\seattle-javascript-401n12-\\lib\\arithmetic.js": {"path":"C:\\Users\\Sarkis\\codefellows\\401n12\\seattle-javascript-401n12-\\lib\\arithmetic.js","statementMap":{"0":{"start":{"line":3,"column":19},"end":{"line":3,"column":38}},"1":{"start":{"line":6,"column":18},"end":{"line":22,"column":1}},"2":{"start":{"line":8,"column":4},"end":{"line":11,"column":5}},"3":{"start":{"line":9,"column":8},"end":{"line":9,"column":43}},"4":{"start":{"line":10,"column":8},"end":{"line":10,"column":21}},"5":{"start":{"line":12,"column":4},"end":{"line":20,"column":7}},"6":{"start":{"line":13,"column":8},"end":{"line":16,"column":9}},"7":{"start":{"line":14,"column":12},"end":{"line":14,"column":58}},"8":{"start":{"line":15,"column":12},"end":{"line":15,"column":25}},"9":{"start":{"line":17,"column":8},"end":{"line":19,"column":9}},"10":{"start":{"line":18,"column":12},"end":{"line":18,"column":24}},"11":{"start":{"line":21,"column":4},"end":{"line":21,"column":16}},"12":{"start":{"line":26,"column":0},"end":{"line":35,"column":2}},"13":{"start":{"line":27,"column":4},"end":{"line":31,"column":5}},"14":{"start":{"line":28,"column":8},"end":{"line":30,"column":11}},"15":{"start":{"line":29,"column":12},"end":{"line":29,"column":36}},"16":{"start":{"line":32,"column":4},"end":{"line":34,"column":5}},"17":{"start":{"line":33,"column":8},"end":{"line":33,"column":21}},"18":{"start":{"line":39,"column":0},"end":{"line":45,"column":1}},"19":{"start":{"line":40,"column":4},"end":{"line":44,"column":5}},"20":{"start":{"line":41,"column":8},"end":{"line":43,"column":11}},"21":{"start":{"line":42,"column":12},"end":{"line":42,"column":36}},"22":{"start":{"line":49,"column":0},"end":{"line":55,"column":1}},"23":{"start":{"line":50,"column":4},"end":{"line":54,"column":5}},"24":{"start":{"line":51,"column":8},"end":{"line":53,"column":11}},"25":{"start":{"line":52,"column":12},"end":{"line":52,"column":36}},"26":{"start":{"line":59,"column":0},"end":{"line":70,"column":1}},"27":{"start":{"line":60,"column":4},"end":{"line":69,"column":5}},"28":{"start":{"line":61,"column":8},"end":{"line":68,"column":11}},"29":{"start":{"line":62,"column":12},"end":{"line":67,"column":13}},"30":{"start":{"line":63,"column":16},"end":{"line":63,"column":29}},"31":{"start":{"line":66,"column":16},"end":{"line":66,"column":40}}},"fnMap":{"0":{"name":"(anonymous_0)","decl":{"start":{"line":6,"column":18},"end":{"line":6,"column":19}},"loc":{"start":{"line":6,"column":27},"end":{"line":22,"column":1}},"line":6},"1":{"name":"(anonymous_1)","decl":{"start":{"line":12,"column":12},"end":{"line":12,"column":13}},"loc":{"start":{"line":12,"column":18},"end":{"line":20,"column":5}},"line":12},"2":{"name":"(anonymous_2)","decl":{"start":{"line":26,"column":17},"end":{"line":26,"column":18}},"loc":{"start":{"line":26,"column":26},"end":{"line":35,"column":1}},"line":26},"3":{"name":"(anonymous_3)","decl":{"start":{"line":28,"column":26},"end":{"line":28,"column":27}},"loc":{"start":{"line":28,"column":47},"end":{"line":30,"column":9}},"line":28},"4":{"name":"(anonymous_4)","decl":{"start":{"line":39,"column":22},"end":{"line":39,"column":23}},"loc":{"start":{"line":39,"column":31},"end":{"line":45,"column":1}},"line":39},"5":{"name":"(anonymous_5)","decl":{"start":{"line":41,"column":26},"end":{"line":41,"column":27}},"loc":{"start":{"line":41,"column":47},"end":{"line":43,"column":9}},"line":41},"6":{"name":"(anonymous_6)","decl":{"start":{"line":49,"column":22},"end":{"line":49,"column":23}},"loc":{"start":{"line":49,"column":31},"end":{"line":55,"column":1}},"line":49},"7":{"name":"(anonymous_7)","decl":{"start":{"line":51,"column":26},"end":{"line":51,"column":27}},"loc":{"start":{"line":51,"column":47},"end":{"line":53,"column":9}},"line":51},"8":{"name":"(anonymous_8)","decl":{"start":{"line":59,"column":20},"end":{"line":59,"column":21}},"loc":{"start":{"line":59,"column":29},"end":{"line":70,"column":1}},"line":59},"9":{"name":"(anonymous_9)","decl":{"start":{"line":61,"column":26},"end":{"line":61,"column":27}},"loc":{"start":{"line":61,"column":47},"end":{"line":68,"column":9}},"line":61}},"branchMap":{"0":{"loc":{"start":{"line":8,"column":4},"end":{"line":11,"column":5}},"type":"if","locations":[{"start":{"line":8,"column":4},"end":{"line":11,"column":5}},{"start":{"line":8,"column":4},"end":{"line":11,"column":5}}],"line":8},"1":{"loc":{"start":{"line":13,"column":8},"end":{"line":16,"column":9}},"type":"if","locations":[{"start":{"line":13,"column":8},"end":{"line":16,"column":9}},{"start":{"line":13,"column":8},"end":{"line":16,"column":9}}],"line":13},"2":{"loc":{"start":{"line":17,"column":8},"end":{"line":19,"column":9}},"type":"if","locations":[{"start":{"line":17,"column":8},"end":{"line":19,"column":9}},{"start":{"line":17,"column":8},"end":{"line":19,"column":9}}],"line":17},"3":{"loc":{"start":{"line":27,"column":4},"end":{"line":31,"column":5}},"type":"if","locations":[{"start":{"line":27,"column":4},"end":{"line":31,"column":5}},{"start":{"line":27,"column":4},"end":{"line":31,"column":5}}],"line":27},"4":{"loc":{"start":{"line":32,"column":4},"end":{"line":34,"column":5}},"type":"if","locations":[{"start":{"line":32,"column":4},"end":{"line":34,"column":5}},{"start":{"line":32,"column":4},"end":{"line":34,"column":5}}],"line":32},"5":{"loc":{"start":{"line":40,"column":4},"end":{"line":44,"column":5}},"type":"if","locations":[{"start":{"line":40,"column":4},"end":{"line":44,"column":5}},{"start":{"line":40,"column":4},"end":{"line":44,"column":5}}],"line":40},"6":{"loc":{"start":{"line":50,"column":4},"end":{"line":54,"column":5}},"type":"if","locations":[{"start":{"line":50,"column":4},"end":{"line":54,"column":5}},{"start":{"line":50,"column":4},"end":{"line":54,"column":5}}],"line":50},"7":{"loc":{"start":{"line":60,"column":4},"end":{"line":69,"column":5}},"type":"if","locations":[{"start":{"line":60,"column":4},"end":{"line":69,"column":5}},{"start":{"line":60,"column":4},"end":{"line":69,"column":5}}],"line":60},"8":{"loc":{"start":{"line":62,"column":12},"end":{"line":67,"column":13}},"type":"if","locations":[{"start":{"line":62,"column":12},"end":{"line":67,"column":13}},{"start":{"line":62,"column":12},"end":{"line":67,"column":13}}],"line":62}},"s":{"0":1,"1":1,"2":8,"3":0,"4":0,"5":8,"6":28,"7":8,"8":8,"9":28,"10":20,"11":8,"12":1,"13":2,"14":2,"15":5,"16":0,"17":0,"18":1,"19":2,"20":1,"21":2,"22":1,"23":2,"24":1,"25":2,"26":1,"27":2,"28":1,"29":2,"30":0,"31":2},"f":{"0":8,"1":28,"2":2,"3":5,"4":2,"5":2,"6":2,"7":2,"8":2,"9":2},"b":{"0":[0,8],"1":[8,20],"2":[20,8],"3":[2,0],"4":[0,0],"5":[1,1],"6":[1,1],"7":[1,1],"8":[0,2]},"_coverageSchema":"43e27e138ebf9cfc5966b082cf9a028302ed4184","hash":"ed4e055a9059c448fafeadbe3c4d7c4910924cd9"}
,"C:\\Users\\Sarkis\\codefellows\\401n12\\seattle-javascript-401n12-\\lib\\greet.js": {"path":"C:\\Users\\Sarkis\\codefellows\\401n12\\seattle-javascript-401n12-\\lib\\greet.js","statementMap":{"0":{"start":{"line":4,"column":14},"end":{"line":4,"column":33}},"1":{"start":{"line":6,"column":0},"end":{"line":9,"column":2}},"2":{"start":{"line":7,"column":16},"end":{"line":7,"column":77}},"3":{"start":{"line":8,"column":4},"end":{"line":8,"column":17}}},"fnMap":{"0":{"name":"(anonymous_0)","decl":{"start":{"line":6,"column":17},"end":{"line":6,"column":18}},"loc":{"start":{"line":6,"column":27},"end":{"line":9,"column":1}},"line":6}},"branchMap":{"0":{"loc":{"start":{"line":7,"column":16},"end":{"line":7,"column":77}},"type":"cond-expr","locations":[{"start":{"line":7,"column":42},"end":{"line":7,"column":70}},{"start":{"line":7,"column":73},"end":{"line":7,"column":77}}],"line":7}},"s":{"0":1,"1":1,"2":3,"3":3},"f":{"0":3},"b":{"0":[1,2]},"_coverageSchema":"43e27e138ebf9cfc5966b082cf9a028302ed4184","hash":"0a224001b62e2ea0dab45a254855a7911da019fc"}
}
