TN:
SF:C:\Users\Sarkis\codefellows\401n12\seattle-javascript-401n12-\lib\arithmetic.js
FN:6,(anonymous_0)
FN:12,(anonymous_1)
FN:26,(anonymous_2)
FN:28,(anonymous_3)
FN:39,(anonymous_4)
FN:41,(anonymous_5)
FN:49,(anonymous_6)
FN:51,(anonymous_7)
FN:59,(anonymous_8)
FN:61,(anonymous_9)
FNF:10
FNH:10
FNDA:8,(anonymous_0)
FNDA:28,(anonymous_1)
FNDA:2,(anonymous_2)
FNDA:5,(anonymous_3)
FNDA:2,(anonymous_4)
FNDA:2,(anonymous_5)
FNDA:2,(anonymous_6)
FNDA:2,(anonymous_7)
FNDA:2,(anonymous_8)
FNDA:2,(anonymous_9)
DA:3,1
DA:6,1
DA:8,8
DA:9,0
DA:10,0
DA:12,8
DA:13,28
DA:14,8
DA:15,8
DA:17,28
DA:18,20
DA:21,8
DA:26,1
DA:27,2
DA:28,2
DA:29,5
DA:32,0
DA:33,0
DA:39,1
DA:40,2
DA:41,1
DA:42,2
DA:49,1
DA:50,2
DA:51,1
DA:52,2
DA:59,1
DA:60,2
DA:61,1
DA:62,2
DA:63,0
DA:66,2
LF:32
LH:27
BRDA:8,0,0,0
BRDA:8,0,1,8
BRDA:13,1,0,8
BRDA:13,1,1,20
BRDA:17,2,0,20
BRDA:17,2,1,8
BRDA:27,3,0,2
BRDA:27,3,1,0
BRDA:32,4,0,0
BRDA:32,4,1,0
BRDA:40,5,0,1
BRDA:40,5,1,1
BRDA:50,6,0,1
BRDA:50,6,1,1
BRDA:60,7,0,1
BRDA:60,7,1,1
BRDA:62,8,0,0
BRDA:62,8,1,2
BRF:18
BRH:13
end_of_record
TN:
SF:C:\Users\Sarkis\codefellows\401n12\seattle-javascript-401n12-\lib\greet.js
FN:6,(anonymous_0)
FNF:1
FNH:1
FNDA:3,(anonymous_0)
DA:4,1
DA:6,1
DA:7,3
DA:8,3
LF:4
LH:4
BRDA:7,0,0,1
BRDA:7,0,1,2
BRF:2
BRH:2
end_of_record
