TN:
SF:C:\Users\Sarkis\codefellows\401n12\seattle-javascript-401n12-\lib\arithmetic.js
FN:6,(anonymous_0)
FN:11,(anonymous_1)
FN:24,(anonymous_2)
FN:26,(anonymous_3)
FN:37,(anonymous_4)
FN:39,(anonymous_5)
FN:47,(anonymous_6)
FN:49,(anonymous_7)
FN:57,(anonymous_8)
FN:59,(anonymous_9)
FN:72,(anonymous_10)
FNF:11
FNH:11
FNDA:8,(anonymous_0)
FNDA:28,(anonymous_1)
FNDA:2,(anonymous_2)
FNDA:5,(anonymous_3)
FNDA:2,(anonymous_4)
FNDA:2,(anonymous_5)
FNDA:2,(anonymous_6)
FNDA:2,(anonymous_7)
FNDA:2,(anonymous_8)
FNDA:2,(anonymous_9)
FNDA:4,(anonymous_10)
DA:3,1
DA:6,1
DA:8,8
DA:9,0
DA:11,8
DA:12,28
DA:13,8
DA:15,28
DA:16,20
DA:19,8
DA:24,1
DA:25,2
DA:26,2
DA:27,5
DA:30,0
DA:31,0
DA:37,1
DA:38,2
DA:39,1
DA:40,2
DA:47,1
DA:48,2
DA:49,1
DA:50,2
DA:57,1
DA:58,2
DA:59,1
DA:60,2
DA:61,0
DA:64,2
DA:72,1
DA:73,4
LF:32
LH:28
BRDA:8,0,0,0
BRDA:8,0,1,8
BRDA:12,1,0,8
BRDA:12,1,1,20
BRDA:15,2,0,20
BRDA:15,2,1,8
BRDA:25,3,0,2
BRDA:25,3,1,0
BRDA:30,4,0,0
BRDA:30,4,1,0
BRDA:38,5,0,1
BRDA:38,5,1,1
BRDA:48,6,0,1
BRDA:48,6,1,1
BRDA:58,7,0,1
BRDA:58,7,1,1
BRDA:60,8,0,0
BRDA:60,8,1,2
BRF:18
BRH:13
end_of_record
TN:
SF:C:\Users\Sarkis\codefellows\401n12\seattle-javascript-401n12-\lib\greet.js
FN:6,(anonymous_0)
FNF:1
FNH:1
FNDA:3,(anonymous_0)
DA:4,1
DA:6,1
DA:7,3
DA:8,3
DA:9,1
DA:12,2
LF:6
LH:6
BRDA:8,0,0,1
BRDA:8,0,1,2
BRF:2
BRH:2
end_of_record
